<?xml version="1.0" encoding="UTF-8"?>
<!-- Generated by org.testng.reporters.JUnitXMLReporter -->
<testsuite ignored="0" hostname="DESKTOP-VE8V3VS" failures="0" tests="8" name="Default test" time="111.111" errors="0" timestamp="2023-08-11T14:19:07 CDT">
  <testcase classname="com.automation.tests.AutomationScripts" name="login_to_salesforce_login_success_testscript" time="4.422"/>
  <testcase classname="com.automation.tests.AutomationScripts" name="login_to_salesforce_no_password_error_message_check_testscript" time="0.678"/>
  <testcase classname="com.automation.tests.AutomationScripts" name="create_new_contact_to_salesforce_testscript" time="10.031"/>
  <testcase classname="com.automation.tests.AutomationScripts" name="create_new_view_in_contacts_to_salesforce_testscript" time="8.504"/>
  <testcase classname="com.automation.tests.AutomationScripts" name="cancelClickInCreateNewContacts_in_contacts_to_salesforce_testscript" time="9.44"/>
  <testcase classname="com.automation.tests.AutomationScripts" name="recentlyCreatedContactCheck_to_salesforce_testscript" time="7.516"/>
  <testcase classname="com.automation.tests.AutomationScripts" name="phoneAddInUserProfilePage_to_salesforce_testscript" time="36.16"/>
  <testcase classname="com.automation.tests.AutomationScripts" name="myProfilePageOverviewEditLastName_to_salesforce_testscript" time="16.63"/>
</testsuite> <!-- Default test -->
