<?xml version="1.0" encoding="UTF-8"?>
<!-- Generated by org.testng.reporters.JUnitXMLReporter -->
<testsuite ignored="0" hostname="DESKTOP-VE8V3VS" failures="1" tests="1" name="chromeTest" time="3.146" errors="0" timestamp="2023-08-06T17:15:21 CDT">
  <testcase classname="com.automation.tests.AutomationScripts" name="login_to_firebase_testscript" time="0.006">
    <failure type="java.lang.Error" message="Unresolved compilation problem: 
	The method getTitle() is undefined for the type AutomationScripts
">
      <![CDATA[java.lang.Error: Unresolved compilation problem: 
The method getTitle() is undefined for the type AutomationScripts

at com.automation.tests.AutomationScripts.login_to_firebase_testscript(AutomationScripts.java:41)
at java.base/java.util.ArrayList.forEach(ArrayList.java:1511)
... Removed 27 stack frames]]>
    </failure>
  </testcase> <!-- login_to_firebase_testscript -->
</testsuite> <!-- chromeTest -->
